###############################################################################
#
# IAR ANSI C/C++ Compiler V7.60.1.11101/W32 for ARM       18/Dec/2023  17:37:03
# Copyright 1999-2016 IAR Systems AB.
#
#    Cpu mode     =  thumb
#    Endian       =  little
#    Source file  =  
#        E:\LOOP\SCRDPF\OBD\freeRTOS_STM32F2xx_Modem_CC_Large\App\debug.c
#    Command line =  
#        E:\LOOP\SCRDPF\OBD\freeRTOS_STM32F2xx_Modem_CC_Large\App\debug.c -D
#        USE_STDPERIPH_DRIVER -D STM32F2XX -D USE_USB_OTG_FS -lC
#        E:\LOOP\SCRDPF\OBD\freeRTOS_STM32F2xx_Modem_CC_Large\Project\Debug\List
#        --diag_suppress Pa050 -o
#        E:\LOOP\SCRDPF\OBD\freeRTOS_STM32F2xx_Modem_CC_Large\Project\Debug\Obj
#        --no_unroll --no_inline --no_tbaa --no_scheduling --debug
#        --endian=little --cpu=Cortex-M3 -e --fpu=None --dlib_config
#        "C:\Program Files (x86)\IAR Systems\Embedded Workbench
#        7.4\arm\INC\c\DLib_Config_Full.h" -I
#        E:\LOOP\SCRDPF\OBD\freeRTOS_STM32F2xx_Modem_CC_Large\Project\ -I
#        E:\LOOP\SCRDPF\OBD\freeRTOS_STM32F2xx_Modem_CC_Large\Project\..\cpu\
#        -I
#        E:\LOOP\SCRDPF\OBD\freeRTOS_STM32F2xx_Modem_CC_Large\Project\..\Drv\
#        -I
#        E:\LOOP\SCRDPF\OBD\freeRTOS_STM32F2xx_Modem_CC_Large\Project\..\App\
#        -I
#        E:\LOOP\SCRDPF\OBD\freeRTOS_STM32F2xx_Modem_CC_Large\Project\..\App\fat\
#        -I
#        E:\LOOP\SCRDPF\OBD\freeRTOS_STM32F2xx_Modem_CC_Large\Project\..\bsp\
#        -I
#        E:\LOOP\SCRDPF\OBD\freeRTOS_STM32F2xx_Modem_CC_Large\Project\..\Dev\
#        -I
#        E:\LOOP\SCRDPF\OBD\freeRTOS_STM32F2xx_Modem_CC_Large\Project\..\OsConfig\
#        -I
#        E:\LOOP\SCRDPF\OBD\freeRTOS_STM32F2xx_Modem_CC_Large\Project\..\Libraries\CMSIS\CM3\DeviceSupport\ST\STM32F2xx\
#        -I
#        E:\LOOP\SCRDPF\OBD\freeRTOS_STM32F2xx_Modem_CC_Large\Project\..\Libraries\FAT_FS\inc\
#        -I
#        E:\LOOP\SCRDPF\OBD\freeRTOS_STM32F2xx_Modem_CC_Large\Project\..\Libraries\STM32F2xx_StdPeriph_Driver\inc\
#        -I
#        E:\LOOP\SCRDPF\OBD\freeRTOS_STM32F2xx_Modem_CC_Large\Project\..\Libraries\USB\STM32_USB_HOST_Library\Class\MSC\inc\
#        -I
#        E:\LOOP\SCRDPF\OBD\freeRTOS_STM32F2xx_Modem_CC_Large\Project\..\Libraries\USB\STM32_USB_HOST_Library\Core\inc\
#        -I
#        E:\LOOP\SCRDPF\OBD\freeRTOS_STM32F2xx_Modem_CC_Large\Project\..\Libraries\USB\STM32_USB_OTG_Driver\inc\
#        -I
#        E:\LOOP\SCRDPF\OBD\freeRTOS_STM32F2xx_Modem_CC_Large\Project\..\Util\Third_Party\FreeRTOS_v7.6.0\portable\IAR\ARM_CM3\
#        -I
#        E:\LOOP\SCRDPF\OBD\freeRTOS_STM32F2xx_Modem_CC_Large\Project\..\Util\Third_Party\FreeRTOS_v7.6.0\include\
#        -I
#        E:\LOOP\SCRDPF\OBD\freeRTOS_STM32F2xx_Modem_CC_Large\Project\..\OsConfig\usbConf\
#        -I
#        E:\LOOP\SCRDPF\OBD\freeRTOS_STM32F2xx_Modem_CC_Large\Project\..\Libraries\FAT_FS\
#        -I
#        E:\LOOP\SCRDPF\OBD\freeRTOS_STM32F2xx_Modem_CC_Large\Project\..\Libraries\FAT_FS\drivers\
#        -Om --use_c++_inline -I "C:\Program Files (x86)\IAR Systems\Embedded
#        Workbench 7.4\arm\CMSIS\Include\"
#    Locale       =  C
#    List file    =  
#        E:\LOOP\SCRDPF\OBD\freeRTOS_STM32F2xx_Modem_CC_Large\Project\Debug\List\debug.lst
#    Object file  =  
#        E:\LOOP\SCRDPF\OBD\freeRTOS_STM32F2xx_Modem_CC_Large\Project\Debug\Obj\debug.o
#
###############################################################################

E:\LOOP\SCRDPF\OBD\freeRTOS_STM32F2xx_Modem_CC_Large\App\debug.c
      1          /*
      2          *************************************** (C) COPYRIGHT 2014 Loop *************************************
      3          *
      4          * File Name          : debug.c
      5          *
      6          * Author             : Digital Development Team
      7          *
      8          * Version            : V1.0.0
      9          *
     10          * Date               : 07/10/2014
     11          *
     12          * Description        : command line interface configuration
     13          *
     14          *********************************************************************************************************
     15          */
     16          
     17          /*
     18          *********************************************************************************************************
     19          *                                             INCLUDE FILES
     20          *********************************************************************************************************
     21          */
     22          
     23          #define DEBUG_GLOBALS
     24          #include "includes.h"

   \                                 In section .text, align 2
   \   __interwork __softfp void Term_Send(unsigned char)
   \                     Term_Send: (+1)
   \   00000000   0x.... 0x....      B.W      put_ch_console

   \                                 In section .text, align 2
   \   __interwork __softfp void Term_Set_Display_Attribute_Mode(unsigned char)
   \                     Term_Set_Display_Attribute_Mode: (+1)
   \   00000000   0xB510             PUSH     {R4,LR}
   \   00000002   0x4604             MOV      R4,R0
   \   00000004   0x201B             MOVS     R0,#+27
   \   00000006   0x.... 0x....      BL       Term_Send
   \   0000000A   0x205B             MOVS     R0,#+91
   \   0000000C   0x.... 0x....      BL       Term_Send
   \   00000010   0x4620             MOV      R0,R4
   \   00000012   0x.... 0x....      BL       Term_Send
   \   00000016   0x206D             MOVS     R0,#+109
   \   00000018   0xE8BD 0x4010      POP      {R4,LR}
   \   0000001C   0x.... 0x....      B.W      Term_Send

   \                                 In section .text, align 2
   \   __interwork __softfp void Term_Send_Value_as_Digits(unsigned char)
   \                     Term_Send_Value_as_Digits: (+1)
   \   00000000   0xB510             PUSH     {R4,LR}
   \   00000002   0x4604             MOV      R4,R0
   \   00000004   0x2030             MOVS     R0,#+48
   \   00000006   0xE001             B.N      ??Term_Send_Value_as_Digits_0
   \                     ??Term_Send_Value_as_Digits_1: (+1)
   \   00000008   0x1C40             ADDS     R0,R0,#+1
   \   0000000A   0x3C64             SUBS     R4,R4,#+100
   \                     ??Term_Send_Value_as_Digits_0: (+1)
   \   0000000C   0xB2E4             UXTB     R4,R4
   \   0000000E   0x2C64             CMP      R4,#+100
   \   00000010   0xDAFA             BGE.N    ??Term_Send_Value_as_Digits_1
   \   00000012   0xB2C0             UXTB     R0,R0
   \   00000014   0x.... 0x....      BL       Term_Send
   \   00000018   0x2030             MOVS     R0,#+48
   \   0000001A   0xE001             B.N      ??Term_Send_Value_as_Digits_2
   \                     ??Term_Send_Value_as_Digits_3: (+1)
   \   0000001C   0x1C40             ADDS     R0,R0,#+1
   \   0000001E   0x3C0A             SUBS     R4,R4,#+10
   \                     ??Term_Send_Value_as_Digits_2: (+1)
   \   00000020   0xB2E4             UXTB     R4,R4
   \   00000022   0x2C0A             CMP      R4,#+10
   \   00000024   0xDAFA             BGE.N    ??Term_Send_Value_as_Digits_3
   \   00000026   0xB2C0             UXTB     R0,R0
   \   00000028   0x.... 0x....      BL       Term_Send
   \   0000002C   0xF104 0x0030      ADD      R0,R4,#+48
   \   00000030   0xB2C0             UXTB     R0,R0
   \   00000032   0xE8BD 0x4010      POP      {R4,LR}
   \   00000036   0x.... 0x....      B.W      Term_Send

   \                                 In section .text, align 2
   \   __interwork __softfp void Term_Set_Cursor_Position(unsigned char, unsigned char)
   \                     Term_Set_Cursor_Position: (+1)
   \   00000000   0xB538             PUSH     {R3-R5,LR}
   \   00000002   0x4604             MOV      R4,R0
   \   00000004   0x460D             MOV      R5,R1
   \   00000006   0x201B             MOVS     R0,#+27
   \   00000008   0x.... 0x....      BL       Term_Send
   \   0000000C   0x205B             MOVS     R0,#+91
   \   0000000E   0x.... 0x....      BL       Term_Send
   \   00000012   0x4620             MOV      R0,R4
   \   00000014   0x.... 0x....      BL       Term_Send_Value_as_Digits
   \   00000018   0x203B             MOVS     R0,#+59
   \   0000001A   0x.... 0x....      BL       Term_Send
   \   0000001E   0x4628             MOV      R0,R5
   \   00000020   0x.... 0x....      BL       Term_Send_Value_as_Digits
   \   00000024   0x2048             MOVS     R0,#+72
   \   00000026   0xE8BD 0x4032      POP      {R1,R4,R5,LR}
   \   0000002A   0x.... 0x....      B.W      Term_Send

   \                                 In section .text, align 2
   \   __interwork __softfp void Term_Erase_Line(void)
   \                     Term_Erase_Line: (+1)
   \   00000000   0xB580             PUSH     {R7,LR}
   \   00000002   0x201B             MOVS     R0,#+27
   \   00000004   0x.... 0x....      BL       Term_Send
   \   00000008   0x205B             MOVS     R0,#+91
   \   0000000A   0x.... 0x....      BL       Term_Send
   \   0000000E   0x2032             MOVS     R0,#+50
   \   00000010   0x.... 0x....      BL       Term_Send
   \   00000014   0x204B             MOVS     R0,#+75
   \   00000016   0xE8BD 0x4002      POP      {R1,LR}
   \   0000001A   0x.... 0x....      B.W      Term_Send

   \                                 In section .text, align 2
   \   __interwork __softfp void Term_Set_Display_Colour(unsigned char, unsigned char)
   \                     Term_Set_Display_Colour: (+1)
   \   00000000   0xB538             PUSH     {R3-R5,LR}
   \   00000002   0x4604             MOV      R4,R0
   \   00000004   0x460D             MOV      R5,R1
   \   00000006   0x201B             MOVS     R0,#+27
   \   00000008   0x.... 0x....      BL       Term_Send
   \   0000000C   0x205B             MOVS     R0,#+91
   \   0000000E   0x.... 0x....      BL       Term_Send
   \   00000012   0x4620             MOV      R0,R4
   \   00000014   0x.... 0x....      BL       Term_Send
   \   00000018   0x4628             MOV      R0,R5
   \   0000001A   0x.... 0x....      BL       Term_Send
   \   0000001E   0x206D             MOVS     R0,#+109
   \   00000020   0xE8BD 0x4032      POP      {R1,R4,R5,LR}
   \   00000024   0x.... 0x....      B.W      Term_Send

   \                                 In section .text, align 2
   \   __interwork __softfp void Term_Save_Cursor_Position(void)
   \                     Term_Save_Cursor_Position: (+1)
   \   00000000   0xB580             PUSH     {R7,LR}
   \   00000002   0x201B             MOVS     R0,#+27
   \   00000004   0x.... 0x....      BL       Term_Send
   \   00000008   0x205B             MOVS     R0,#+91
   \   0000000A   0x.... 0x....      BL       Term_Send
   \   0000000E   0x2073             MOVS     R0,#+115
   \   00000010   0xE8BD 0x4002      POP      {R1,LR}
   \   00000014   0x.... 0x....      B.W      Term_Send

   \                                 In section .text, align 2
   \   __interwork __softfp void Term_Restore_Cursor_Position(void)
   \                     Term_Restore_Cursor_Position: (+1)
   \   00000000   0xB580             PUSH     {R7,LR}
   \   00000002   0x201B             MOVS     R0,#+27
   \   00000004   0x.... 0x....      BL       Term_Send
   \   00000008   0x205B             MOVS     R0,#+91
   \   0000000A   0x.... 0x....      BL       Term_Send
   \   0000000E   0x2075             MOVS     R0,#+117
   \   00000010   0xE8BD 0x4002      POP      {R1,LR}
   \   00000014   0x.... 0x....      B.W      Term_Send

   \                                 In section .bss, align 4
   \   __absolute int ddd_on
   \                     ddd_on:
   \   00000000                      DS8 4
     25          //#include "terminaldrv.h"
     26          

   \                                 In section .text, align 2, keep-with-next
     27          static void ddd_View(void)
     28          {
   \                     ddd_View: (+1)
   \   00000000   0xB51F             PUSH     {R0-R4,LR}
     29          	sysinfo_t *s = &_sysinfo;
     30            
     31          	if(TmrChk(TMR_DDD) != 0) return;
   \   00000002   0x2002             MOVS     R0,#+2
   \   00000004   0x.... 0x....      BL       TmrChk
   \   00000008   0x2800             CMP      R0,#+0
   \   0000000A   0xD15F             BNE.N    ??ddd_View_0
     32          	TmrSetT(TMR_DDD, 300);
   \   0000000C   0xF44F 0x7196      MOV      R1,#+300
   \   00000010   0x2002             MOVS     R0,#+2
   \   00000012   0x.... 0x....      BL       TmrSetT
     33          	TmrStart(TMR_DDD);
   \   00000016   0x2002             MOVS     R0,#+2
   \   00000018   0x.... 0x....      BL       TmrStart
     34          
     35          	Term_Save_Cursor_Position();
   \   0000001C   0x.... 0x....      BL       Term_Save_Cursor_Position
     36          	Term_Set_Cursor_Position(0,0);
   \   00000020   0x2100             MOVS     R1,#+0
   \   00000022   0x4608             MOV      R0,R1
   \   00000024   0x.... 0x....      BL       Term_Set_Cursor_Position
     37          
     38          	Term_Set_Display_Attribute_Mode(MODE_BOLD);
   \   00000028   0x2031             MOVS     R0,#+49
   \   0000002A   0x.... 0x....      BL       Term_Set_Display_Attribute_Mode
     39          	Term_Set_Display_Colour(COL_FOREGROUND,COL_GREEN);
   \   0000002E   0x2132             MOVS     R1,#+50
   \   00000030   0x2033             MOVS     R0,#+51
   \   00000032   0x.... 0x....      BL       Term_Set_Display_Colour
     40          	Term_Erase_Line();
   \   00000036   0x.... 0x....      BL       Term_Erase_Line
     41          	printk("================================ System Information ================================\n");
   \   0000003A   0x.... 0x....      ADR.W    R0,?_0
   \   0000003E   0x.... 0x....      BL       printk
     42          	Term_Erase_Line();
   \   00000042   0x.... 0x....      BL       Term_Erase_Line
     43          	printk("\n");
   \   00000046   0x....             ADR.N    R4,??DataTable19  ;; "\n"
   \   00000048   0x4620             MOV      R0,R4
   \   0000004A   0x.... 0x....      BL       printk
     44          	Term_Erase_Line();
   \   0000004E   0x.... 0x....      BL       Term_Erase_Line
     45          	Term_Set_Display_Attribute_Mode(MODE_BOLD);
   \   00000052   0x2031             MOVS     R0,#+49
   \   00000054   0x.... 0x....      BL       Term_Set_Display_Attribute_Mode
     46          	Term_Set_Display_Colour(COL_FOREGROUND,COL_YELLOW);	
   \   00000058   0x2133             MOVS     R1,#+51
   \   0000005A   0x4608             MOV      R0,R1
   \   0000005C   0x.... 0x....      BL       Term_Set_Display_Colour
     47          	printk("<< Time            \tSaveTimeCount>>                                                 \n");
   \   00000060   0x.... 0x....      ADR.W    R0,?_2
   \   00000064   0x.... 0x....      BL       printk
     48          	Term_Erase_Line();
   \   00000068   0x.... 0x....      BL       Term_Erase_Line
     49          	printk("   %02d/%02d/%02d %02d:%02d:%02d\t %d\n", s->tm_ptr.tm_year,  s->tm_ptr.tm_mon,  s->tm_ptr.tm_mday,  s->tm_ptr.tm_hour,  s->tm_ptr.tm_min,  s->tm_ptr.tm_sec, SaveTimeCount);  
   \   0000006C   0x....             LDR.N    R0,??DataTable19_2
   \   0000006E   0x....             LDR.N    R1,??DataTable19_3
   \   00000070   0x8809             LDRH     R1,[R1, #+0]
   \   00000072   0x9103             STR      R1,[SP, #+12]
   \   00000074   0x69C1             LDR      R1,[R0, #+28]
   \   00000076   0x9102             STR      R1,[SP, #+8]
   \   00000078   0x6A01             LDR      R1,[R0, #+32]
   \   0000007A   0x9101             STR      R1,[SP, #+4]
   \   0000007C   0x6A41             LDR      R1,[R0, #+36]
   \   0000007E   0x9100             STR      R1,[SP, #+0]
   \   00000080   0x6A83             LDR      R3,[R0, #+40]
   \   00000082   0x6AC2             LDR      R2,[R0, #+44]
   \   00000084   0x6B01             LDR      R1,[R0, #+48]
   \   00000086   0x.... 0x....      ADR.W    R0,?_3
   \   0000008A   0x.... 0x....      BL       printk
     50            printk("<< Data Address  >>                                                                  \n");
   \   0000008E   0x.... 0x....      ADR.W    R0,?_4
   \   00000092   0x.... 0x....      BL       printk
     51          	Term_Erase_Line();   
   \   00000096   0x.... 0x....      BL       Term_Erase_Line
     52          	printk("\n");
   \   0000009A   0x4620             MOV      R0,R4
   \   0000009C   0x.... 0x....      BL       printk
     53          	Term_Erase_Line();
   \   000000A0   0x.... 0x....      BL       Term_Erase_Line
     54          	Term_Set_Display_Attribute_Mode(MODE_BOLD);
   \   000000A4   0x2031             MOVS     R0,#+49
   \   000000A6   0x.... 0x....      BL       Term_Set_Display_Attribute_Mode
     55          	Term_Set_Display_Colour(COL_FOREGROUND,COL_GREEN);
   \   000000AA   0x2132             MOVS     R1,#+50
   \   000000AC   0x2033             MOVS     R0,#+51
   \   000000AE   0x.... 0x....      BL       Term_Set_Display_Colour
     56          	printk("====================================================================================\n");
   \   000000B2   0x.... 0x....      ADR.W    R0,?_5
   \   000000B6   0x.... 0x....      BL       printk
     57          	Term_Erase_Line();
   \   000000BA   0x.... 0x....      BL       Term_Erase_Line
     58          	Term_Set_Display_Attribute_Mode(MODE_NONE);
   \   000000BE   0x2030             MOVS     R0,#+48
   \   000000C0   0x.... 0x....      BL       Term_Set_Display_Attribute_Mode
     59          
     60          	Term_Restore_Cursor_Position();
   \   000000C4   0xE8BD 0x401F      POP      {R0-R4,LR}
   \   000000C8   0x.... 0x....      B.W      Term_Restore_Cursor_Position
   \                     ??ddd_View_0: (+1)
   \   000000CC   0xBD1F             POP      {R0-R4,PC}       ;; return
     61          }
     62          

   \                                 In section .text, align 2, keep-with-next
     63          void ddd_task(void)
     64          {
     65          	if ( ddd_on ){
   \                     ddd_task: (+1)
   \   00000000   0x....             LDR.N    R0,??DataTable19_4
   \   00000002   0x6800             LDR      R0,[R0, #+0]
   \   00000004   0x2800             CMP      R0,#+0
   \   00000006   0xD000             BEQ.N    ??ddd_task_0
     66          		ddd_View();
   \   00000008   0x....             B.N      ddd_View
     67          	}
     68          }
   \                     ??ddd_task_0: (+1)
   \   0000000A   0x4770             BX       LR               ;; return
     69          

   \                                 In section .text, align 2, keep-with-next
     70          INT16U dbg_ddd_test(void)
     71          {
     72          	if ( ddd_on )
   \                     dbg_ddd_test: (+1)
   \   00000000   0x....             LDR.N    R0,??DataTable19_4
   \   00000002   0x6801             LDR      R1,[R0, #+0]
   \   00000004   0x1E49             SUBS     R1,R1,#+1
   \   00000006   0x4189             SBCS     R1,R1,R1
   \   00000008   0x0FC9             LSRS     R1,R1,#+31
   \   0000000A   0x6001             STR      R1,[R0, #+0]
     73          		ddd_on = 0;
     74          	else
     75          		ddd_on = 1;
     76          
     77          	return NO_DISPLAY;
   \   0000000C   0x20C9             MOVS     R0,#+201
   \   0000000E   0x4770             BX       LR               ;; return
     78          }
     79          
     80          

   \                                 In section .text, align 2, keep-with-next
     81          FRESULT TM_FATFS_DriveSize(uint32_t* total, uint32_t* free) {
   \                     TM_FATFS_DriveSize: (+1)
   \   00000000   0xB530             PUSH     {R4,R5,LR}
   \   00000002   0xB083             SUB      SP,SP,#+12
   \   00000004   0x4604             MOV      R4,R0
   \   00000006   0x460D             MOV      R5,R1
     82          	FATFS *fs;
     83              DWORD fre_clust;
     84          	FRESULT res;
     85          
     86              /* Get volume information and free clusters of drive */
     87              res = f_getfree("0:", &fre_clust, &fs);
   \   00000008   0x466A             MOV      R2,SP
   \   0000000A   0xA901             ADD      R1,SP,#+4
   \   0000000C   0x....             ADR.N    R0,??DataTable19_1  ;; 0x30, 0x3A, 0x00, 0x00
   \   0000000E   0x.... 0x....      BL       f_getfree
     88              if (res != FR_OK) {
   \   00000012   0x0001             MOVS     R1,R0
   \   00000014   0xD10E             BNE.N    ??TM_FATFS_DriveSize_0
     89          		return res;
     90          	}
     91          
     92              /* Get total sectors and free sectors */
     93              *total = (fs->n_fatent - 2) * fs->csize / 2;
   \   00000016   0x9800             LDR      R0,[SP, #+0]
   \   00000018   0x6980             LDR      R0,[R0, #+24]
   \   0000001A   0x1E80             SUBS     R0,R0,#+2
   \   0000001C   0x9900             LDR      R1,[SP, #+0]
   \   0000001E   0x7889             LDRB     R1,[R1, #+2]
   \   00000020   0x4348             MULS     R0,R1,R0
   \   00000022   0x0840             LSRS     R0,R0,#+1
   \   00000024   0x6020             STR      R0,[R4, #+0]
     94              *free = fre_clust * fs->csize / 2;
   \   00000026   0x9801             LDR      R0,[SP, #+4]
   \   00000028   0x9900             LDR      R1,[SP, #+0]
   \   0000002A   0x7889             LDRB     R1,[R1, #+2]
   \   0000002C   0x4348             MULS     R0,R1,R0
   \   0000002E   0x0840             LSRS     R0,R0,#+1
   \   00000030   0x6028             STR      R0,[R5, #+0]
     95          	
     96          	/* Return OK */
     97          	return FR_OK;
   \   00000032   0x2000             MOVS     R0,#+0
   \                     ??TM_FATFS_DriveSize_0: (+1)
   \   00000034   0xBD3E             POP      {R1-R5,PC}       ;; return
     98          }
     99          
    100          

   \                                 In section .text, align 2, keep-with-next
    101          INT16U dbg_fsmount_test(void)
    102          {
   \                     dbg_fsmount_test: (+1)
   \   00000000   0xB570             PUSH     {R4-R6,LR}
   \   00000002   0xB090             SUB      SP,SP,#+64
    103          	uint32_t free, total;
    104              char buffer[50];
    105          
    106          	printk("sd card mount and file write.....\n");
   \   00000004   0x.... 0x....      ADR.W    R0,?_7
   \   00000008   0x.... 0x....      BL       printk
    107          	if (f_mount(&SD_Fs, "0:", 1) == FR_OK) 
   \   0000000C   0x....             ADR.N    R4,??DataTable19_1  ;; 0x30, 0x3A, 0x00, 0x00
   \   0000000E   0x2201             MOVS     R2,#+1
   \   00000010   0x4621             MOV      R1,R4
   \   00000012   0x....             LDR.N    R0,??DataTable19_5
   \   00000014   0x.... 0x....      BL       f_mount
   \   00000018   0x2800             CMP      R0,#+0
   \   0000001A   0xD14B             BNE.N    ??dbg_fsmount_test_0
    108          	{
    109          		/* Mounted ok */
    110          		/* Write only once */
    111          		/* Try to open SD card file */
    112          		if (f_open(&SD_Fil, "0:sd_file.txt", FA_READ | FA_WRITE | FA_OPEN_ALWAYS) == FR_OK)
   \   0000001C   0x....             LDR.N    R5,??DataTable19_6
   \   0000001E   0x2213             MOVS     R2,#+19
   \   00000020   0x.... 0x....      ADR.W    R1,?_8
   \   00000024   0x4628             MOV      R0,R5
   \   00000026   0x.... 0x....      BL       f_open
   \   0000002A   0x2800             CMP      R0,#+0
   \   0000002C   0xD13D             BNE.N    ??dbg_fsmount_test_1
    113          		{       
    114          			/* We want to write only once */
    115          			/* Get total and free space on SD card */
    116          			TM_FATFS_DriveSize(&total, &free);
   \   0000002E   0xA902             ADD      R1,SP,#+8
   \   00000030   0xA801             ADD      R0,SP,#+4
   \   00000032   0x.... 0x....      BL       TM_FATFS_DriveSize
    117          
    118          			/* Put data */
    119          			f_puts("This is my first file with SD card and FatFs\n", &SD_Fil);
   \   00000036   0x4629             MOV      R1,R5
   \   00000038   0x.... 0x....      ADR.W    R0,?_9
   \   0000003C   0x.... 0x....      BL       f_puts
    120          			f_puts("with SD card library from stm32f4-discovery.com\n", &SD_Fil);
   \   00000040   0x4629             MOV      R1,R5
   \   00000042   0x.... 0x....      ADR.W    R0,?_10
   \   00000046   0x.... 0x....      BL       f_puts
    121          			f_puts("----------------------------------------------------\n", &SD_Fil);
   \   0000004A   0x.... 0x....      ADR.W    R6,?_11
   \   0000004E   0x4629             MOV      R1,R5
   \   00000050   0x4630             MOV      R0,R6
   \   00000052   0x.... 0x....      BL       f_puts
    122          			f_puts("SD card total and free space:\n\n", &SD_Fil);
   \   00000056   0x4629             MOV      R1,R5
   \   00000058   0x.... 0x....      ADR.W    R0,?_12
   \   0000005C   0x.... 0x....      BL       f_puts
    123          			/* Total space */
    124          			sprintf(buffer, "Total: %8u kB; %5u MB; %2u GB\n", total, total / 1024, total / 1048576); 
   \   00000060   0x9801             LDR      R0,[SP, #+4]
   \   00000062   0x0D00             LSRS     R0,R0,#+20
   \   00000064   0x9000             STR      R0,[SP, #+0]
   \   00000066   0x9801             LDR      R0,[SP, #+4]
   \   00000068   0x0A83             LSRS     R3,R0,#+10
   \   0000006A   0x4602             MOV      R2,R0
   \   0000006C   0x.... 0x....      ADR.W    R1,?_13
   \   00000070   0xA803             ADD      R0,SP,#+12
   \   00000072   0x.... 0x....      BL       sprintf
    125          			f_puts(buffer, &SD_Fil);
   \   00000076   0x4629             MOV      R1,R5
   \   00000078   0xA803             ADD      R0,SP,#+12
   \   0000007A   0x.... 0x....      BL       f_puts
    126          			/* Free space */
    127          			sprintf(buffer, "Free:  %8u kB; %5u MB; %2u GB\n", free, free / 1024, free / 1048576);
   \   0000007E   0x9802             LDR      R0,[SP, #+8]
   \   00000080   0x0D00             LSRS     R0,R0,#+20
   \   00000082   0x9000             STR      R0,[SP, #+0]
   \   00000084   0x9802             LDR      R0,[SP, #+8]
   \   00000086   0x0A83             LSRS     R3,R0,#+10
   \   00000088   0x4602             MOV      R2,R0
   \   0000008A   0x.... 0x....      ADR.W    R1,?_14
   \   0000008E   0xA803             ADD      R0,SP,#+12
   \   00000090   0x.... 0x....      BL       sprintf
    128          			f_puts(buffer, &SD_Fil);
   \   00000094   0x4629             MOV      R1,R5
   \   00000096   0xA803             ADD      R0,SP,#+12
   \   00000098   0x.... 0x....      BL       f_puts
    129          			f_puts("----------------------------------------------------\n", &SD_Fil);
   \   0000009C   0x4629             MOV      R1,R5
   \   0000009E   0x4630             MOV      R0,R6
   \   000000A0   0x.... 0x....      BL       f_puts
    130          			/* Close SD card file */
    131          			f_close(&SD_Fil);  
   \   000000A4   0x4628             MOV      R0,R5
   \   000000A6   0x.... 0x....      BL       f_close
    132          		}
    133          		f_mount(0, "0:", 1);
   \                     ??dbg_fsmount_test_1: (+1)
   \   000000AA   0x2201             MOVS     R2,#+1
   \   000000AC   0x4621             MOV      R1,R4
   \   000000AE   0x2000             MOVS     R0,#+0
   \   000000B0   0x.... 0x....      BL       f_mount
    134          	}
    135          
    136          	return NO_DISPLAY;
   \                     ??dbg_fsmount_test_0: (+1)
   \   000000B4   0x20C9             MOVS     R0,#+201
   \   000000B6   0xB010             ADD      SP,SP,#+64
   \   000000B8   0xBD70             POP      {R4-R6,PC}       ;; return
    137          }

   \                                 In section .text, align 4, keep-with-next
   \                     ??DataTable19:
   \   00000000   0x0A 0x00          DC8      "\n",0x0,0x0
   \              0x00 0x00    

   \                                 In section .text, align 4, keep-with-next
   \                     ??DataTable19_1:
   \   00000000   0x30 0x3A          DC8      0x30, 0x3A, 0x00, 0x00
   \              0x00 0x00    

   \                                 In section .text, align 4, keep-with-next
   \                     ??DataTable19_2:
   \   00000000   0x........         DC32     _sysinfo

   \                                 In section .text, align 4, keep-with-next
   \                     ??DataTable19_3:
   \   00000000   0x........         DC32     SaveTimeCount

   \                                 In section .text, align 4, keep-with-next
   \                     ??DataTable19_4:
   \   00000000   0x........         DC32     ddd_on

   \                                 In section .text, align 4, keep-with-next
   \                     ??DataTable19_5:
   \   00000000   0x........         DC32     SD_Fs

   \                                 In section .text, align 4, keep-with-next
   \                     ??DataTable19_6:
   \   00000000   0x........         DC32     SD_Fil

   \                                 In section .text, align 4, keep-with-next
   \                     ?_0:
   \   00000000   0x3D 0x3D          DC8 3DH, 3DH, 3DH, 3DH, 3DH, 3DH, 3DH, 3DH
   \              0x3D 0x3D    
   \              0x3D 0x3D    
   \              0x3D 0x3D    
   \   00000008   0x3D 0x3D          DC8 3DH, 3DH, 3DH, 3DH, 3DH, 3DH, 3DH, 3DH
   \              0x3D 0x3D    
   \              0x3D 0x3D    
   \              0x3D 0x3D    
   \   00000010   0x3D 0x3D          DC8 3DH, 3DH, 3DH, 3DH, 3DH, 3DH, 3DH, 3DH
   \              0x3D 0x3D    
   \              0x3D 0x3D    
   \              0x3D 0x3D    
   \   00000018   0x3D 0x3D          DC8 3DH, 3DH, 3DH, 3DH, 3DH, 3DH, 3DH, 3DH
   \              0x3D 0x3D    
   \              0x3D 0x3D    
   \              0x3D 0x3D    
   \   00000020   0x20 0x53          DC8 20H, 53H, 79H, 73H, 74H, 65H, 6DH, 20H
   \              0x79 0x73    
   \              0x74 0x65    
   \              0x6D 0x20    
   \   00000028   0x49 0x6E          DC8 49H, 6EH, 66H, 6FH, 72H, 6DH, 61H, 74H
   \              0x66 0x6F    
   \              0x72 0x6D    
   \              0x61 0x74    
   \   00000030   0x69 0x6F          DC8 69H, 6FH, 6EH, 20H, 3DH, 3DH, 3DH, 3DH
   \              0x6E 0x20    
   \              0x3D 0x3D    
   \              0x3D 0x3D    
   \   00000038   0x3D 0x3D          DC8 3DH, 3DH, 3DH, 3DH, 3DH, 3DH, 3DH, 3DH
   \              0x3D 0x3D    
   \              0x3D 0x3D    
   \              0x3D 0x3D    
   \   00000040   0x3D 0x3D          DC8 3DH, 3DH, 3DH, 3DH, 3DH, 3DH, 3DH, 3DH
   \              0x3D 0x3D    
   \              0x3D 0x3D    
   \              0x3D 0x3D    
   \   00000048   0x3D 0x3D          DC8 3DH, 3DH, 3DH, 3DH, 3DH, 3DH, 3DH, 3DH
   \              0x3D 0x3D    
   \              0x3D 0x3D    
   \              0x3D 0x3D    
   \   00000050   0x3D 0x3D          DC8 3DH, 3DH, 3DH, 3DH, 0AH, 0
   \              0x3D 0x3D    
   \              0x0A 0x00    
   \   00000056   0x00 0x00          DC8 0, 0

   \                                 In section .text, align 4, keep-with-next
   \                     ?_2:
   \   00000000   0x3C 0x3C          DC8 3CH, 3CH, 20H, 54H, 69H, 6DH, 65H, 20H
   \              0x20 0x54    
   \              0x69 0x6D    
   \              0x65 0x20    
   \   00000008   0x20 0x20          DC8 20H, 20H, 20H, 20H, 20H, 20H, 20H, 20H
   \              0x20 0x20    
   \              0x20 0x20    
   \              0x20 0x20    
   \   00000010   0x20 0x20          DC8 20H, 20H, 20H, 9, 53H, 61H, 76H, 65H
   \              0x20 0x09    
   \              0x53 0x61    
   \              0x76 0x65    
   \   00000018   0x54 0x69          DC8 54H, 69H, 6DH, 65H, 43H, 6FH, 75H, 6EH
   \              0x6D 0x65    
   \              0x43 0x6F    
   \              0x75 0x6E    
   \   00000020   0x74 0x3E          DC8 74H, 3EH, 3EH, 20H, 20H, 20H, 20H, 20H
   \              0x3E 0x20    
   \              0x20 0x20    
   \              0x20 0x20    
   \   00000028   0x20 0x20          DC8 20H, 20H, 20H, 20H, 20H, 20H, 20H, 20H
   \              0x20 0x20    
   \              0x20 0x20    
   \              0x20 0x20    
   \   00000030   0x20 0x20          DC8 20H, 20H, 20H, 20H, 20H, 20H, 20H, 20H
   \              0x20 0x20    
   \              0x20 0x20    
   \              0x20 0x20    
   \   00000038   0x20 0x20          DC8 20H, 20H, 20H, 20H, 20H, 20H, 20H, 20H
   \              0x20 0x20    
   \              0x20 0x20    
   \              0x20 0x20    
   \   00000040   0x20 0x20          DC8 20H, 20H, 20H, 20H, 20H, 20H, 20H, 20H
   \              0x20 0x20    
   \              0x20 0x20    
   \              0x20 0x20    
   \   00000048   0x20 0x20          DC8 20H, 20H, 20H, 20H, 20H, 20H, 20H, 20H
   \              0x20 0x20    
   \              0x20 0x20    
   \              0x20 0x20    
   \   00000050   0x20 0x20          DC8 20H, 20H, 20H, 20H, 0AH, 0
   \              0x20 0x20    
   \              0x0A 0x00    
   \   00000056   0x00 0x00          DC8 0, 0

   \                                 In section .text, align 4, keep-with-next
   \                     ?_3:
   \   00000000   0x20 0x20          DC8 "   %02d/%02d/%02d %02d:%02d:%02d\t %d\012"
   \              0x20 0x25    
   \              0x30 0x32    
   \              0x64 0x2F    
   \              0x25 0x30    
   \              0x32 0x64    
   \              0x2F 0x25    
   \              0x30 0x32    
   \              0x64 0x20    
   \              0x25 0x30    
   \              0x32 0x64    
   \              0x3A 0x25    
   \              0x30 0x32    
   \              0x64 0x3A    
   \              0x25 0x30    
   \              0x32 0x64    
   \              0x09 0x20    
   \              0x25 0x64    
   \              0x0A 0x00    
   \   00000026   0x00 0x00          DC8 0, 0

   \                                 In section .text, align 4, keep-with-next
   \                     ?_4:
   \   00000000   0x3C 0x3C          DC8 3CH, 3CH, 20H, 44H, 61H, 74H, 61H, 20H
   \              0x20 0x44    
   \              0x61 0x74    
   \              0x61 0x20    
   \   00000008   0x41 0x64          DC8 41H, 64H, 64H, 72H, 65H, 73H, 73H, 20H
   \              0x64 0x72    
   \              0x65 0x73    
   \              0x73 0x20    
   \   00000010   0x20 0x3E          DC8 20H, 3EH, 3EH, 20H, 20H, 20H, 20H, 20H
   \              0x3E 0x20    
   \              0x20 0x20    
   \              0x20 0x20    
   \   00000018   0x20 0x20          DC8 20H, 20H, 20H, 20H, 20H, 20H, 20H, 20H
   \              0x20 0x20    
   \              0x20 0x20    
   \              0x20 0x20    
   \   00000020   0x20 0x20          DC8 20H, 20H, 20H, 20H, 20H, 20H, 20H, 20H
   \              0x20 0x20    
   \              0x20 0x20    
   \              0x20 0x20    
   \   00000028   0x20 0x20          DC8 20H, 20H, 20H, 20H, 20H, 20H, 20H, 20H
   \              0x20 0x20    
   \              0x20 0x20    
   \              0x20 0x20    
   \   00000030   0x20 0x20          DC8 20H, 20H, 20H, 20H, 20H, 20H, 20H, 20H
   \              0x20 0x20    
   \              0x20 0x20    
   \              0x20 0x20    
   \   00000038   0x20 0x20          DC8 20H, 20H, 20H, 20H, 20H, 20H, 20H, 20H
   \              0x20 0x20    
   \              0x20 0x20    
   \              0x20 0x20    
   \   00000040   0x20 0x20          DC8 20H, 20H, 20H, 20H, 20H, 20H, 20H, 20H
   \              0x20 0x20    
   \              0x20 0x20    
   \              0x20 0x20    
   \   00000048   0x20 0x20          DC8 20H, 20H, 20H, 20H, 20H, 20H, 20H, 20H
   \              0x20 0x20    
   \              0x20 0x20    
   \              0x20 0x20    
   \   00000050   0x20 0x20          DC8 20H, 20H, 20H, 20H, 20H, 0AH, 0
   \              0x20 0x20    
   \              0x20 0x0A    
   \              0x00         
   \   00000057   0x00               DC8 0

   \                                 In section .text, align 4, keep-with-next
   \                     ?_5:
   \   00000000   0x3D 0x3D          DC8 3DH, 3DH, 3DH, 3DH, 3DH, 3DH, 3DH, 3DH
   \              0x3D 0x3D    
   \              0x3D 0x3D    
   \              0x3D 0x3D    
   \   00000008   0x3D 0x3D          DC8 3DH, 3DH, 3DH, 3DH, 3DH, 3DH, 3DH, 3DH
   \              0x3D 0x3D    
   \              0x3D 0x3D    
   \              0x3D 0x3D    
   \   00000010   0x3D 0x3D          DC8 3DH, 3DH, 3DH, 3DH, 3DH, 3DH, 3DH, 3DH
   \              0x3D 0x3D    
   \              0x3D 0x3D    
   \              0x3D 0x3D    
   \   00000018   0x3D 0x3D          DC8 3DH, 3DH, 3DH, 3DH, 3DH, 3DH, 3DH, 3DH
   \              0x3D 0x3D    
   \              0x3D 0x3D    
   \              0x3D 0x3D    
   \   00000020   0x3D 0x3D          DC8 3DH, 3DH, 3DH, 3DH, 3DH, 3DH, 3DH, 3DH
   \              0x3D 0x3D    
   \              0x3D 0x3D    
   \              0x3D 0x3D    
   \   00000028   0x3D 0x3D          DC8 3DH, 3DH, 3DH, 3DH, 3DH, 3DH, 3DH, 3DH
   \              0x3D 0x3D    
   \              0x3D 0x3D    
   \              0x3D 0x3D    
   \   00000030   0x3D 0x3D          DC8 3DH, 3DH, 3DH, 3DH, 3DH, 3DH, 3DH, 3DH
   \              0x3D 0x3D    
   \              0x3D 0x3D    
   \              0x3D 0x3D    
   \   00000038   0x3D 0x3D          DC8 3DH, 3DH, 3DH, 3DH, 3DH, 3DH, 3DH, 3DH
   \              0x3D 0x3D    
   \              0x3D 0x3D    
   \              0x3D 0x3D    
   \   00000040   0x3D 0x3D          DC8 3DH, 3DH, 3DH, 3DH, 3DH, 3DH, 3DH, 3DH
   \              0x3D 0x3D    
   \              0x3D 0x3D    
   \              0x3D 0x3D    
   \   00000048   0x3D 0x3D          DC8 3DH, 3DH, 3DH, 3DH, 3DH, 3DH, 3DH, 3DH
   \              0x3D 0x3D    
   \              0x3D 0x3D    
   \              0x3D 0x3D    
   \   00000050   0x3D 0x3D          DC8 3DH, 3DH, 3DH, 3DH, 0AH, 0
   \              0x3D 0x3D    
   \              0x0A 0x00    
   \   00000056   0x00 0x00          DC8 0, 0

   \                                 In section .rodata, align 2, keep-with-next
   \                     ?_1:
   \   00000000   0x0A 0x00          DC8 "\012"

   \                                 In section .rodata, align 4, keep-with-next
   \                     ?_6:
   \   00000000   0x30 0x3A          DC8 "0:"
   \              0x00         
   \   00000003   0x00               DC8 0

   \                                 In section .text, align 4, keep-with-next
   \                     ?_7:
   \   00000000   0x73 0x64          DC8 "sd card mount and file write.....\012"
   \              0x20 0x63    
   \              0x61 0x72    
   \              0x64 0x20    
   \              0x6D 0x6F    
   \              0x75 0x6E    
   \              0x74 0x20    
   \              0x61 0x6E    
   \              0x64 0x20    
   \              0x66 0x69    
   \              0x6C 0x65    
   \              0x20 0x77    
   \              0x72 0x69    
   \              0x74 0x65    
   \              0x2E 0x2E    
   \              0x2E 0x2E    
   \              0x2E 0x0A    
   \              0x00         
   \   00000023   0x00               DC8 0

   \                                 In section .text, align 4, keep-with-next
   \                     ?_8:
   \   00000000   0x30 0x3A          DC8 "0:sd_file.txt"
   \              0x73 0x64    
   \              0x5F 0x66    
   \              0x69 0x6C    
   \              0x65 0x2E    
   \              0x74 0x78    
   \              0x74 0x00    
   \   0000000E   0x00 0x00          DC8 0, 0

   \                                 In section .text, align 4, keep-with-next
   \                     ?_9:
   \   00000000   0x54 0x68          DC8 "This is my first file with SD card and FatFs\012"
   \              0x69 0x73    
   \              0x20 0x69    
   \              0x73 0x20    
   \              0x6D 0x79    
   \              0x20 0x66    
   \              0x69 0x72    
   \              0x73 0x74    
   \              0x20 0x66    
   \              0x69 0x6C    
   \              0x65 0x20    
   \              0x77 0x69    
   \              0x74 0x68    
   \              0x20 0x53    
   \              0x44 0x20    
   \              0x63 0x61    
   \              0x72 0x64    
   \              0x20 0x61    
   \              0x6E 0x64    
   \              0x20 0x46    
   \              0x61 0x74    
   \              0x46 0x73    
   \              0x0A 0x00    
   \   0000002E   0x00 0x00          DC8 0, 0

   \                                 In section .text, align 4, keep-with-next
   \                     ?_10:
   \   00000000   0x77 0x69          DC8 "with SD card library from stm32f4-discovery.com\012"
   \              0x74 0x68    
   \              0x20 0x53    
   \              0x44 0x20    
   \              0x63 0x61    
   \              0x72 0x64    
   \              0x20 0x6C    
   \              0x69 0x62    
   \              0x72 0x61    
   \              0x72 0x79    
   \              0x20 0x66    
   \              0x72 0x6F    
   \              0x6D 0x20    
   \              0x73 0x74    
   \              0x6D 0x33    
   \              0x32 0x66    
   \              0x34 0x2D    
   \              0x64 0x69    
   \              0x73 0x63    
   \              0x6F 0x76    
   \              0x65 0x72    
   \              0x79 0x2E    
   \              0x63 0x6F    
   \              0x6D 0x0A    
   \              0x00         
   \   00000031   0x00 0x00          DC8 0, 0, 0
   \              0x00         

   \                                 In section .text, align 4, keep-with-next
   \                     ?_11:
   \   00000000   0x2D 0x2D          DC8 2DH, 2DH, 2DH, 2DH, 2DH, 2DH, 2DH, 2DH
   \              0x2D 0x2D    
   \              0x2D 0x2D    
   \              0x2D 0x2D    
   \   00000008   0x2D 0x2D          DC8 2DH, 2DH, 2DH, 2DH, 2DH, 2DH, 2DH, 2DH
   \              0x2D 0x2D    
   \              0x2D 0x2D    
   \              0x2D 0x2D    
   \   00000010   0x2D 0x2D          DC8 2DH, 2DH, 2DH, 2DH, 2DH, 2DH, 2DH, 2DH
   \              0x2D 0x2D    
   \              0x2D 0x2D    
   \              0x2D 0x2D    
   \   00000018   0x2D 0x2D          DC8 2DH, 2DH, 2DH, 2DH, 2DH, 2DH, 2DH, 2DH
   \              0x2D 0x2D    
   \              0x2D 0x2D    
   \              0x2D 0x2D    
   \   00000020   0x2D 0x2D          DC8 2DH, 2DH, 2DH, 2DH, 2DH, 2DH, 2DH, 2DH
   \              0x2D 0x2D    
   \              0x2D 0x2D    
   \              0x2D 0x2D    
   \   00000028   0x2D 0x2D          DC8 2DH, 2DH, 2DH, 2DH, 2DH, 2DH, 2DH, 2DH
   \              0x2D 0x2D    
   \              0x2D 0x2D    
   \              0x2D 0x2D    
   \   00000030   0x2D 0x2D          DC8 2DH, 2DH, 2DH, 2DH, 0AH, 0
   \              0x2D 0x2D    
   \              0x0A 0x00    
   \   00000036   0x00 0x00          DC8 0, 0

   \                                 In section .text, align 4, keep-with-next
   \                     ?_12:
   \   00000000   0x53 0x44          DC8 "SD card total and free space:\012\012"
   \              0x20 0x63    
   \              0x61 0x72    
   \              0x64 0x20    
   \              0x74 0x6F    
   \              0x74 0x61    
   \              0x6C 0x20    
   \              0x61 0x6E    
   \              0x64 0x20    
   \              0x66 0x72    
   \              0x65 0x65    
   \              0x20 0x73    
   \              0x70 0x61    
   \              0x63 0x65    
   \              0x3A 0x0A    
   \              0x0A 0x00    

   \                                 In section .text, align 4, keep-with-next
   \                     ?_13:
   \   00000000   0x54 0x6F          DC8 "Total: %8u kB; %5u MB; %2u GB\012"
   \              0x74 0x61    
   \              0x6C 0x3A    
   \              0x20 0x25    
   \              0x38 0x75    
   \              0x20 0x6B    
   \              0x42 0x3B    
   \              0x20 0x25    
   \              0x35 0x75    
   \              0x20 0x4D    
   \              0x42 0x3B    
   \              0x20 0x25    
   \              0x32 0x75    
   \              0x20 0x47    
   \              0x42 0x0A    
   \              0x00         
   \   0000001F   0x00               DC8 0

   \                                 In section .text, align 4, keep-with-next
   \                     ?_14:
   \   00000000   0x46 0x72          DC8 "Free:  %8u kB; %5u MB; %2u GB\012"
   \              0x65 0x65    
   \              0x3A 0x20    
   \              0x20 0x25    
   \              0x38 0x75    
   \              0x20 0x6B    
   \              0x42 0x3B    
   \              0x20 0x25    
   \              0x35 0x75    
   \              0x20 0x4D    
   \              0x42 0x3B    
   \              0x20 0x25    
   \              0x32 0x75    
   \              0x20 0x47    
   \              0x42 0x0A    
   \              0x00         
   \   0000001F   0x00               DC8 0
    138          
    139          
    140          #if 0
    141          struct fs_file *file;
    142          INT16U dbg_fsopen_test(void)
    143          {
    144          	unsigned char recv_buffer[1500];
    145          
    146          	if (strncmp((char *)recv_buffer,"GET /1.txt",10)==0)
    147          	{
    148          		file = (struct fs_file *)fs_open("/1.txt");
    149          		fs_read(file, recv_buffer, 10);
    150          		printk("[%s]\n",recv_buffer);
    151          	}
    152          	else{
    153          		printk("file open fail....\n");
    154                  }
    155          
    156          	return NO_DISPLAY;
    157          }
    158          
    159          INT16U dbg_fsclose_test(void)
    160          {
    161          
    162          	if(file) fs_close(file);
    163          	
    164          	return NO_DISPLAY;
    165          }
    166          #endif
    167          
    168          
    169          

   Maximum stack usage in bytes:

   .cstack Function
   ------- --------
      24   TM_FATFS_DriveSize
        24   -> f_getfree
       8   Term_Erase_Line
         0   -> Term_Send
         8   -> Term_Send
       8   Term_Restore_Cursor_Position
         0   -> Term_Send
         8   -> Term_Send
       8   Term_Save_Cursor_Position
         0   -> Term_Send
         8   -> Term_Send
       0   Term_Send
         0   -> put_ch_console
       8   Term_Send_Value_as_Digits
         0   -> Term_Send
         8   -> Term_Send
      16   Term_Set_Cursor_Position
         0   -> Term_Send
        16   -> Term_Send
        16   -> Term_Send_Value_as_Digits
       8   Term_Set_Display_Attribute_Mode
         0   -> Term_Send
         8   -> Term_Send
      16   Term_Set_Display_Colour
         0   -> Term_Send
        16   -> Term_Send
       0   dbg_ddd_test
      80   dbg_fsmount_test
        80   -> TM_FATFS_DriveSize
        80   -> f_close
        80   -> f_mount
        80   -> f_open
        80   -> f_puts
        80   -> printk
        80   -> sprintf
      24   ddd_View
        24   -> Term_Erase_Line
         0   -> Term_Restore_Cursor_Position
        24   -> Term_Save_Cursor_Position
        24   -> Term_Set_Cursor_Position
        24   -> Term_Set_Display_Attribute_Mode
        24   -> Term_Set_Display_Colour
        24   -> TmrChk
        24   -> TmrSetT
        24   -> TmrStart
        24   -> printk
       0   ddd_task
         0   -> ddd_View


   Section sizes:

   Bytes  Function/Label
   -----  --------------
       4  ??DataTable19
       4  ??DataTable19_1
       4  ??DataTable19_2
       4  ??DataTable19_3
       4  ??DataTable19_4
       4  ??DataTable19_5
       4  ??DataTable19_6
      88  ?_0
       2  ?_1
      52  ?_10
      56  ?_11
      32  ?_12
      32  ?_13
      32  ?_14
      88  ?_2
      40  ?_3
      88  ?_4
      88  ?_5
       4  ?_6
      36  ?_7
      16  ?_8
      48  ?_9
      54  TM_FATFS_DriveSize
      30  Term_Erase_Line
      24  Term_Restore_Cursor_Position
      24  Term_Save_Cursor_Position
       4  Term_Send
      58  Term_Send_Value_as_Digits
      46  Term_Set_Cursor_Position
      32  Term_Set_Display_Attribute_Mode
      40  Term_Set_Display_Colour
      16  dbg_ddd_test
     186  dbg_fsmount_test
     206  ddd_View
       4  ddd_on
      12  ddd_task

 
     4 bytes in section .bss
     6 bytes in section .rodata
 1 456 bytes in section .text
 
 1 198 bytes of CODE  memory (+ 258 bytes shared)
     6 bytes of CONST memory
     4 bytes of DATA  memory

Errors: none
Warnings: none
