###############################################################################
#
# IAR ANSI C/C++ Compiler V7.60.1.11101/W32 for ARM       18/Dec/2023  17:37:04
# Copyright 1999-2016 IAR Systems AB.
#
#    Cpu mode     =  thumb
#    Endian       =  little
#    Source file  =  
#        E:\LOOP\SCRDPF\OBD\freeRTOS_STM32F2xx_Modem_CC_Large\App\delay.c
#    Command line =  
#        E:\LOOP\SCRDPF\OBD\freeRTOS_STM32F2xx_Modem_CC_Large\App\delay.c -D
#        USE_STDPERIPH_DRIVER -D STM32F2XX -D USE_USB_OTG_FS -lC
#        E:\LOOP\SCRDPF\OBD\freeRTOS_STM32F2xx_Modem_CC_Large\Project\Debug\List
#        --diag_suppress Pa050 -o
#        E:\LOOP\SCRDPF\OBD\freeRTOS_STM32F2xx_Modem_CC_Large\Project\Debug\Obj
#        --no_unroll --no_inline --no_tbaa --no_scheduling --debug
#        --endian=little --cpu=Cortex-M3 -e --fpu=None --dlib_config
#        "C:\Program Files (x86)\IAR Systems\Embedded Workbench
#        7.4\arm\INC\c\DLib_Config_Full.h" -I
#        E:\LOOP\SCRDPF\OBD\freeRTOS_STM32F2xx_Modem_CC_Large\Project\ -I
#        E:\LOOP\SCRDPF\OBD\freeRTOS_STM32F2xx_Modem_CC_Large\Project\..\cpu\
#        -I
#        E:\LOOP\SCRDPF\OBD\freeRTOS_STM32F2xx_Modem_CC_Large\Project\..\Drv\
#        -I
#        E:\LOOP\SCRDPF\OBD\freeRTOS_STM32F2xx_Modem_CC_Large\Project\..\App\
#        -I
#        E:\LOOP\SCRDPF\OBD\freeRTOS_STM32F2xx_Modem_CC_Large\Project\..\App\fat\
#        -I
#        E:\LOOP\SCRDPF\OBD\freeRTOS_STM32F2xx_Modem_CC_Large\Project\..\bsp\
#        -I
#        E:\LOOP\SCRDPF\OBD\freeRTOS_STM32F2xx_Modem_CC_Large\Project\..\Dev\
#        -I
#        E:\LOOP\SCRDPF\OBD\freeRTOS_STM32F2xx_Modem_CC_Large\Project\..\OsConfig\
#        -I
#        E:\LOOP\SCRDPF\OBD\freeRTOS_STM32F2xx_Modem_CC_Large\Project\..\Libraries\CMSIS\CM3\DeviceSupport\ST\STM32F2xx\
#        -I
#        E:\LOOP\SCRDPF\OBD\freeRTOS_STM32F2xx_Modem_CC_Large\Project\..\Libraries\FAT_FS\inc\
#        -I
#        E:\LOOP\SCRDPF\OBD\freeRTOS_STM32F2xx_Modem_CC_Large\Project\..\Libraries\STM32F2xx_StdPeriph_Driver\inc\
#        -I
#        E:\LOOP\SCRDPF\OBD\freeRTOS_STM32F2xx_Modem_CC_Large\Project\..\Libraries\USB\STM32_USB_HOST_Library\Class\MSC\inc\
#        -I
#        E:\LOOP\SCRDPF\OBD\freeRTOS_STM32F2xx_Modem_CC_Large\Project\..\Libraries\USB\STM32_USB_HOST_Library\Core\inc\
#        -I
#        E:\LOOP\SCRDPF\OBD\freeRTOS_STM32F2xx_Modem_CC_Large\Project\..\Libraries\USB\STM32_USB_OTG_Driver\inc\
#        -I
#        E:\LOOP\SCRDPF\OBD\freeRTOS_STM32F2xx_Modem_CC_Large\Project\..\Util\Third_Party\FreeRTOS_v7.6.0\portable\IAR\ARM_CM3\
#        -I
#        E:\LOOP\SCRDPF\OBD\freeRTOS_STM32F2xx_Modem_CC_Large\Project\..\Util\Third_Party\FreeRTOS_v7.6.0\include\
#        -I
#        E:\LOOP\SCRDPF\OBD\freeRTOS_STM32F2xx_Modem_CC_Large\Project\..\OsConfig\usbConf\
#        -I
#        E:\LOOP\SCRDPF\OBD\freeRTOS_STM32F2xx_Modem_CC_Large\Project\..\Libraries\FAT_FS\
#        -I
#        E:\LOOP\SCRDPF\OBD\freeRTOS_STM32F2xx_Modem_CC_Large\Project\..\Libraries\FAT_FS\drivers\
#        -Om --use_c++_inline -I "C:\Program Files (x86)\IAR Systems\Embedded
#        Workbench 7.4\arm\CMSIS\Include\"
#    Locale       =  C
#    List file    =  
#        E:\LOOP\SCRDPF\OBD\freeRTOS_STM32F2xx_Modem_CC_Large\Project\Debug\List\delay.lst
#    Object file  =  
#        E:\LOOP\SCRDPF\OBD\freeRTOS_STM32F2xx_Modem_CC_Large\Project\Debug\Obj\delay.o
#
###############################################################################

E:\LOOP\SCRDPF\OBD\freeRTOS_STM32F2xx_Modem_CC_Large\App\delay.c
      1          /*
      2          *************************************** (C) COPYRIGHT 2017,2018 LOOP *************************************
      3          *
      4          * File Name          : delay.c
      5          *
      6          * Author             : Reserch & Developing 1 Team
      7          *
      8          * Version            : V1.0.0
      9          *
     10          * Date               : 01/09/2018
     11          *
     12          * Description        : delay routine 
     13          *
     14          *********************************************************************************************************
     15          */
     16          /* Includes ------------------------------------------------------------------*/
     17          #include "includes.h"
     18          
     19          /* Private typedef -----------------------------------------------------------*/
     20          /* Private define ------------------------------------------------------------*/
     21          /* Private macro -------------------------------------------------------------*/
     22          /* Private variables ---------------------------------------------------------*/
     23          /* Private function prototypes -----------------------------------------------*/
     24          /* Private functions ---------------------------------------------------------*/
     25          	
     26          /**
     27            * @brief  Microsecond delay 
     28            * @param  Microsecond conunt
     29            * @retval None
     30            */  	

   \                                 In section .text, align 2, keep-with-next
     31          void delay_nop(uint32_t nCount)
     32          {
   \                     delay_nop: (+1)
   \   00000000   0x2800             CMP      R0,#+0
   \   00000002   0xE000             B.N      ??delay_nop_0
     33          //    nCount *= 5; //cortex m3
     34          //  nCount *= 15; //cortex m4
     35            for(; nCount!=0; nCount--) {
   \                     ??delay_nop_1: (+1)
   \   00000004   0x1E40             SUBS     R0,R0,#+1
   \                     ??delay_nop_0: (+1)
   \   00000006   0xD1FD             BNE.N    ??delay_nop_1
     36          //      asm(" NOP ");          
     37            }
     38          }
   \   00000008   0x4770             BX       LR               ;; return
     39          
     40          /**
     41            * @brief  Microsecond delay 
     42            * @param  Microsecond conunt
     43            * @retval None
     44            */  	

   \                                 In section .text, align 2, keep-with-next
     45          void delay_us(uint32_t nCount)
     46          {
     47          //    nCount *= 5; //cortex m3
     48            nCount *= 15; //cortex m4
   \                     delay_us: (+1)
   \   00000000   0xEBC0 0x1000      RSB      R0,R0,R0, LSL #+4
   \   00000004   0x2800             CMP      R0,#+0
   \   00000006   0xE000             B.N      ??delay_us_0
     49            for(; nCount!=0; nCount--) {
   \                     ??delay_us_1: (+1)
   \   00000008   0x1E40             SUBS     R0,R0,#+1
   \                     ??delay_us_0: (+1)
   \   0000000A   0xD1FD             BNE.N    ??delay_us_1
     50          //      asm(" NOP ");          
     51            }
     52          }
   \   0000000C   0x4770             BX       LR               ;; return
     53          	
     54          /**
     55            * @brief  msec delay 
     56            * @param  msec conunt
     57            * @retval None
     58            */  	

   \                                 In section .text, align 2, keep-with-next
     59          void delay_ms(uint32_t nCount)
     60          {
   \                     delay_ms: (+1)
   \   00000000   0xB510             PUSH     {R4,LR}
   \   00000002   0x0004             MOVS     R4,R0
   \   00000004   0xE004             B.N      ??delay_ms_0
     61            for(; nCount!=0; nCount--) delay_us(1000);
   \                     ??delay_ms_1: (+1)
   \   00000006   0xF44F 0x707A      MOV      R0,#+1000
   \   0000000A   0x.... 0x....      BL       delay_us
   \   0000000E   0x1E64             SUBS     R4,R4,#+1
   \                     ??delay_ms_0: (+1)
   \   00000010   0xD1F9             BNE.N    ??delay_ms_1
     62          }
   \   00000012   0xBD10             POP      {R4,PC}          ;; return
     63          
     64          
     65          /******************* (C) COPYRIGHT 2012 LOOP  ******************END OF FILE****/

   Maximum stack usage in bytes:

   .cstack Function
   ------- --------
       8   delay_ms
         8   -> delay_us
       0   delay_nop
       0   delay_us


   Section sizes:

   Bytes  Function/Label
   -----  --------------
      20  delay_ms
      10  delay_nop
      14  delay_us

 
 44 bytes in section .text
 
 44 bytes of CODE memory

Errors: none
Warnings: none
