###############################################################################
#
# IAR ANSI C/C++ Compiler V7.60.1.11101/W32 for ARM       18/Dec/2023  17:37:04
# Copyright 1999-2016 IAR Systems AB.
#
#    Cpu mode     =  thumb
#    Endian       =  little
#    Source file  =  
#        E:\LOOP\SCRDPF\OBD\freeRTOS_STM32F2xx_Modem_CC_Large\App\extern.c
#    Command line =  
#        E:\LOOP\SCRDPF\OBD\freeRTOS_STM32F2xx_Modem_CC_Large\App\extern.c -D
#        USE_STDPERIPH_DRIVER -D STM32F2XX -D USE_USB_OTG_FS -lC
#        E:\LOOP\SCRDPF\OBD\freeRTOS_STM32F2xx_Modem_CC_Large\Project\Debug\List
#        --diag_suppress Pa050 -o
#        E:\LOOP\SCRDPF\OBD\freeRTOS_STM32F2xx_Modem_CC_Large\Project\Debug\Obj
#        --no_unroll --no_inline --no_tbaa --no_scheduling --debug
#        --endian=little --cpu=Cortex-M3 -e --fpu=None --dlib_config
#        "C:\Program Files (x86)\IAR Systems\Embedded Workbench
#        7.4\arm\INC\c\DLib_Config_Full.h" -I
#        E:\LOOP\SCRDPF\OBD\freeRTOS_STM32F2xx_Modem_CC_Large\Project\ -I
#        E:\LOOP\SCRDPF\OBD\freeRTOS_STM32F2xx_Modem_CC_Large\Project\..\cpu\
#        -I
#        E:\LOOP\SCRDPF\OBD\freeRTOS_STM32F2xx_Modem_CC_Large\Project\..\Drv\
#        -I
#        E:\LOOP\SCRDPF\OBD\freeRTOS_STM32F2xx_Modem_CC_Large\Project\..\App\
#        -I
#        E:\LOOP\SCRDPF\OBD\freeRTOS_STM32F2xx_Modem_CC_Large\Project\..\App\fat\
#        -I
#        E:\LOOP\SCRDPF\OBD\freeRTOS_STM32F2xx_Modem_CC_Large\Project\..\bsp\
#        -I
#        E:\LOOP\SCRDPF\OBD\freeRTOS_STM32F2xx_Modem_CC_Large\Project\..\Dev\
#        -I
#        E:\LOOP\SCRDPF\OBD\freeRTOS_STM32F2xx_Modem_CC_Large\Project\..\OsConfig\
#        -I
#        E:\LOOP\SCRDPF\OBD\freeRTOS_STM32F2xx_Modem_CC_Large\Project\..\Libraries\CMSIS\CM3\DeviceSupport\ST\STM32F2xx\
#        -I
#        E:\LOOP\SCRDPF\OBD\freeRTOS_STM32F2xx_Modem_CC_Large\Project\..\Libraries\FAT_FS\inc\
#        -I
#        E:\LOOP\SCRDPF\OBD\freeRTOS_STM32F2xx_Modem_CC_Large\Project\..\Libraries\STM32F2xx_StdPeriph_Driver\inc\
#        -I
#        E:\LOOP\SCRDPF\OBD\freeRTOS_STM32F2xx_Modem_CC_Large\Project\..\Libraries\USB\STM32_USB_HOST_Library\Class\MSC\inc\
#        -I
#        E:\LOOP\SCRDPF\OBD\freeRTOS_STM32F2xx_Modem_CC_Large\Project\..\Libraries\USB\STM32_USB_HOST_Library\Core\inc\
#        -I
#        E:\LOOP\SCRDPF\OBD\freeRTOS_STM32F2xx_Modem_CC_Large\Project\..\Libraries\USB\STM32_USB_OTG_Driver\inc\
#        -I
#        E:\LOOP\SCRDPF\OBD\freeRTOS_STM32F2xx_Modem_CC_Large\Project\..\Util\Third_Party\FreeRTOS_v7.6.0\portable\IAR\ARM_CM3\
#        -I
#        E:\LOOP\SCRDPF\OBD\freeRTOS_STM32F2xx_Modem_CC_Large\Project\..\Util\Third_Party\FreeRTOS_v7.6.0\include\
#        -I
#        E:\LOOP\SCRDPF\OBD\freeRTOS_STM32F2xx_Modem_CC_Large\Project\..\OsConfig\usbConf\
#        -I
#        E:\LOOP\SCRDPF\OBD\freeRTOS_STM32F2xx_Modem_CC_Large\Project\..\Libraries\FAT_FS\
#        -I
#        E:\LOOP\SCRDPF\OBD\freeRTOS_STM32F2xx_Modem_CC_Large\Project\..\Libraries\FAT_FS\drivers\
#        -Om --use_c++_inline -I "C:\Program Files (x86)\IAR Systems\Embedded
#        Workbench 7.4\arm\CMSIS\Include\"
#    Locale       =  C
#    List file    =  
#        E:\LOOP\SCRDPF\OBD\freeRTOS_STM32F2xx_Modem_CC_Large\Project\Debug\List\extern.lst
#    Object file  =  
#        E:\LOOP\SCRDPF\OBD\freeRTOS_STM32F2xx_Modem_CC_Large\Project\Debug\Obj\extern.o
#
###############################################################################

E:\LOOP\SCRDPF\OBD\freeRTOS_STM32F2xx_Modem_CC_Large\App\extern.c
      1          /*
      2          *************************************** (C) COPYRIGHT 2015 LOOP *************************************
      3          *
      4          * File Name          : extern.c
      5          *
      6          * Author             : Reserch & Developing 1 Team
      7          *
      8          * Version            : V1.1.0
      9          *
     10          * Date               : 07/29/2015
     11          *
     12          * Description        : extern 
     13          *
     14          *********************************************************************************************************
     15          */
     16          #include "includes.h"
     17          

   \                                 In section .bss, align 2
     18          unsigned short DMS_ver;
   \                     DMS_ver:
   \   00000000                      DS8 2
     19          

   \                                 In section .rodata, align 4, keep-with-next
     20          const char Model_Name[15] = "DL-300-SCR";
   \                     Model_Name:
   \   00000000   0x44 0x4C          DC8 "DL-300-SCR"
   \              0x2D 0x33    
   \              0x30 0x30    
   \              0x2D 0x53    
   \              0x43 0x52    
   \              0x00         
   \   0000000B   0x00 0x00          DC8 0, 0, 0, 0, 0
   \              0x00 0x00    
   \              0x00         

   \                                 In section .rodata, align 4, keep-with-next
     21          const char PCB_HW_Ver[10] = "REV 1.00";
   \                     PCB_HW_Ver:
   \   00000000   0x52 0x45          DC8 "REV 1.00"
   \              0x56 0x20    
   \              0x31 0x2E    
   \              0x30 0x30    
   \              0x00         
   \   00000009   0x00 0x00          DC8 0, 0, 0
   \              0x00         

   \                                 In section .bss, align 4
     22          char Fota_FW_Ver[10];
   \                     Fota_FW_Ver:
   \   00000000                      DS8 12

   \                                 In section .bss, align 4
     23          char IP[4];
   \                     IP:
   \   00000000                      DS8 4
     24          

   \                                 In section .bss, align 4
     25          stScrValue ScrValue;
   \                     ScrValue:
   \   00000000                      DS8 36

   \                                 In section .bss, align 4
     26          st_Setting Setting;
   \                     Setting:
   \   00000000                      DS8 256
     27          

   \                                 In section .bss, align 4
     28          stSysControl SysCtl;
   \                     SysCtl:
   \   00000000                      DS8 48

   \                                 In section .bss, align 4
     29          stScrMap ScrMap;
   \                     ScrMap:
   \   00000000                      DS8 672

   \                                 In section .bss, align 1
     30          INT8U ServerRW = 0;
   \                     ServerRW:
   \   00000000                      DS8 1
     31          

   \                                 In section .bss, align 4
     32          INT32U DataSaveAddr, DataSentAddr;
   \                     DataSaveAddr:
   \   00000000                      DS8 4

   \                                 In section .bss, align 4
   \                     DataSentAddr:
   \   00000000                      DS8 4

   \                                 In section .bss, align 1
     33          INT8U Start_Flag, SaveCnt = 0;
   \                     Start_Flag:
   \   00000000                      DS8 1

   \                                 In section .bss, align 1
   \                     SaveCnt:
   \   00000000                      DS8 1

   \                                 In section .bss, align 1
     34          INT8U GPS_Speed_Val;
   \                     GPS_Speed_Val:
   \   00000000                      DS8 1
     35          
     36          //- data save -//

   \                                 In section .bss, align 4
     37          stREAD_VALUE ReadValue, RD_Sec_Data;
   \                     ReadValue:
   \   00000000                      DS8 128

   \                                 In section .bss, align 4
   \                     RD_Sec_Data:
   \   00000000                      DS8 128

   \                                 In section .bss, align 4
     38          stREAD_VALUE ReadValue_Buff[300];
   \                     ReadValue_Buff:
   \   00000000                      DS8 38400

   \                                 In section .bss, align 4
     39          INT8U *Flash_Save_Buff = 0;
   \                     Flash_Save_Buff:
   \   00000000                      DS8 4
     40          

   \                                 In section .bss, align 2
     41          INT16U Save_SecData_Cnt;
   \                     Save_SecData_Cnt:
   \   00000000                      DS8 2

   \                                 In section .bss, align 1
     42          INT8U Save_SecData_Flag;      //0~9
   \                     Save_SecData_Flag:
   \   00000000                      DS8 1
     43          
     44          // CAN Variables

   \                                 In section .bss, align 4
     45          xTaskHandle xHandle_can = NULL;
   \                     xHandle_can:
   \   00000000                      DS8 4

   \                                 In section .bss, align 4
     46          CanRxMsg RxMessage;
   \                     RxMessage:
   \   00000000                      DS8 20

   \                                 In section .bss, align 4
     47          canrxmsg_t Can_RxMsg;
   \                     Can_RxMsg:
   \   00000000                      DS8 16
     48          

   \                                 In section .bss, align 1
     49          INT8U RSSI;
   \                     RSSI:
   \   00000000                      DS8 1

   \                                 In section .bss, align 4
     50          stSTATUS Sts;
   \                     Sts:
   \   00000000                      DS8 4

   \                                 In section .bss, align 4
     51          Flags_t  Flags;
   \                     Flags:
   \   00000000                      DS8 4

   \                                 In section .bss, align 4
     52          Flags_t1  Flags1;
   \                     Flags1:
   \   00000000                      DS8 4
     53          //stPM1_Error PM1_Error;
     54          //stPM2_Error PM2_Error;
     55          

   \                                 In section .bss, align 4
     56          FIL fp, fp1;
   \                     fp:
   \   00000000                      DS8 548

   \                                 In section .bss, align 4
   \                     fp1:
   \   00000000                      DS8 548

   \                                 In section .bss, align 1
     57          INT8U PreDay = 0;
   \                     PreDay:
   \   00000000                      DS8 1

   \                                 In section .bss, align 4
     58          char F_Name[12];
   \                     F_Name:
   \   00000000                      DS8 12

   \                                 In section .bss, align 4
     59          INT32U AccSize;
   \                     AccSize:
   \   00000000                      DS8 4

   \                                 In section .bss, align 2
     60          INT16U AccFiles, AccDirs, DelFiles;
   \                     AccFiles:
   \   00000000                      DS8 2

   \                                 In section .bss, align 2
   \                     AccDirs:
   \   00000000                      DS8 2

   \                                 In section .bss, align 2
   \                     DelFiles:
   \   00000000                      DS8 2

   \                                 In section .bss, align 1
     61          INT8U Disk_Full;
   \                     Disk_Full:
   \   00000000                      DS8 1
     62          

   \                                 In section .bss, align 1
     63          INT8U nDlStatus = 0;  //ECU Download status
   \                     nDlStatus:
   \   00000000                      DS8 1

   \                                 In section .bss, align 4
     64          INT32U SendPacket = 0;
   \                     SendPacket:
   \   00000000                      DS8 4

   \                                 In section .bss, align 4
     65          INT32U TotalPacket = 0;
   \                     TotalPacket:
   \   00000000                      DS8 4
     66          

   \                                 In section .bss, align 4
     67          KEYCHK_t key;
   \                     key:
   \   00000000                      DS8 12

   \                                 In section .bss, align 4
     68          KEYFLAG_t keyflag;
   \                     keyflag:
   \   00000000                      DS8 8
     69          

   \                                 In section .bss, align 1
     70          INT8U DetectFlag = 0;
   \                     DetectFlag:
   \   00000000                      DS8 1

   \                                 In section .bss, align 1
     71          INT8U	BackUpFlag = 0;
   \                     BackUpFlag:
   \   00000000                      DS8 1

   \                                 In section .bss, align 1
     72          INT8U SaveCount = 0;
   \                     SaveCount:
   \   00000000                      DS8 1

   \                                 In section .bss, align 1
     73          INT8U SD_SaveCount = 0;
   \                     SD_SaveCount:
   \   00000000                      DS8 1
     74          

   \                                 In section .bss, align 1
     75          INT8U TerrorFlag = 0;
   \                     TerrorFlag:
   \   00000000                      DS8 1

   \                                 In section .bss, align 4
     76          INT32U GPSTime;
   \                     GPSTime:
   \   00000000                      DS8 4

   \                                 In section .bss, align 2
     77          INT16U SaveTimeCount;
   \                     SaveTimeCount:
   \   00000000                      DS8 2

   \                                 In section .bss, align 1
     78          INT8U  SaveTimeCheck;
   \                     SaveTimeCheck:
   \   00000000                      DS8 1

   \                                 In section .bss, align 4
     79          Time_t RTC_Time;
   \                     RTC_Time:
   \   00000000                      DS8 8

   \                                 In section .bss, align 4
     80          INT32U RTC_LVal, RTC_GPS_Val;
   \                     RTC_LVal:
   \   00000000                      DS8 4

   \                                 In section .bss, align 4
   \                     RTC_GPS_Val:
   \   00000000                      DS8 4

   \                                 In section .bss, align 2
     81          INT16U HPLCnt = 0;
   \                     HPLCnt:
   \   00000000                      DS8 2

   \                                 In section .bss, align 2
     82          INT16U HPHCnt = 0;
   \                     HPHCnt:
   \   00000000                      DS8 2

   \                                 In section .bss, align 2
     83          INT16U HTLvLCnt = 0;
   \                     HTLvLCnt:
   \   00000000                      DS8 2

   \                                 In section .bss, align 2
     84          INT16U HTLvHCnt = 0;
   \                     HTLvHCnt:
   \   00000000                      DS8 2

   \                                 In section .bss, align 2
     85          INT16U QualityCnt = 0;
   \                     QualityCnt:
   \   00000000                      DS8 2

   \                                 In section .bss, align 2
     86          INT16U TLv_Beep = 0;
   \                     TLv_Beep:
   \   00000000                      DS8 2

   \                                 In section .bss, align 2
     87          INT16U CANDataCnt = 0;
   \                     CANDataCnt:
   \   00000000                      DS8 2

   \                                 In section .bss, align 1
     88          INT8U  buzerflag = 0;
   \                     buzerflag:
   \   00000000                      DS8 1
     89          

   \                                 In section .bss, align 2
     90          INT16U DeltaP1 = 0, Pre_dP1 = 0, SumP1 = 0, IdleP1Cnt = 0;
   \                     DeltaP1:
   \   00000000                      DS8 2

   \                                 In section .bss, align 2
   \                     Pre_dP1:
   \   00000000                      DS8 2

   \                                 In section .bss, align 2
   \                     SumP1:
   \   00000000                      DS8 2

   \                                 In section .bss, align 2
   \                     IdleP1Cnt:
   \   00000000                      DS8 2

   \                                 In section .bss, align 4
     91          INT16U P_BUF[12] = {0};
   \                     P_BUF:
   \   00000000                      DS8 24

   \                                 In section .bss, align 1
     92          INT8U  P_Cnt = 0;
   \                     P_Cnt:
   \   00000000                      DS8 1
     93          

   \                                 In section .bss, align 2
     94          INT16U PLCal, PHCal;
   \                     PLCal:
   \   00000000                      DS8 2

   \                                 In section .bss, align 2
   \                     PHCal:
   \   00000000                      DS8 2

   \                                 In section .bss, align 2
     95          INT16S TOffset, TSum;
   \                     TOffset:
   \   00000000                      DS8 2

   \                                 In section .bss, align 2
   \                     TSum:
   \   00000000                      DS8 2
     96          

   \                                 In section .bss, align 4
     97          INT16S NoxO2[2];
   \                     NoxO2:
   \   00000000                      DS8 4

   \                                 In section .bss, align 2
     98          INT8U NoxFail[2], NoxErr[2], NoxData[2][3];
   \                     NoxFail:
   \   00000000                      DS8 2

   \                                 In section .bss, align 2
   \                     NoxErr:
   \   00000000                      DS8 2

   \                                 In section .bss, align 4
   \                     NoxData:
   \   00000000                      DS8 8
     99          

   \                                 In section .bss, align 4
    100          INT8U Par_Buf[64], bPar_Buf[64], Par_Flag = 0, Par_Cnt = 0;
   \                     Par_Buf:
   \   00000000                      DS8 64

   \                                 In section .bss, align 4
   \                     bPar_Buf:
   \   00000000                      DS8 64

   \                                 In section .bss, align 1
   \                     Par_Flag:
   \   00000000                      DS8 1

   \                                 In section .bss, align 1
   \                     Par_Cnt:
   \   00000000                      DS8 1

   \                                 In section .bss, align 2
    101          INT16U Par_Time = 0;
   \                     Par_Time:
   \   00000000                      DS8 2

   \                                 In section .bss, align 4
    102          INT8U Map_Buf[376], bMap_Buf[376], Map_Flag = 0, Map_Cnt = 0;
   \                     Map_Buf:
   \   00000000                      DS8 376

   \                                 In section .bss, align 4
   \                     bMap_Buf:
   \   00000000                      DS8 376

   \                                 In section .bss, align 1
   \                     Map_Flag:
   \   00000000                      DS8 1

   \                                 In section .bss, align 1
   \                     Map_Cnt:
   \   00000000                      DS8 1

   \                                 In section .bss, align 2
    103          INT16U Map_Time = 0;
   \                     Map_Time:
   \   00000000                      DS8 2


   Section sizes:

   Bytes  Function/Label
   -----  --------------
       2  AccDirs
       2  AccFiles
       4  AccSize
       1  BackUpFlag
       2  CANDataCnt
      16  Can_RxMsg
       2  DMS_ver
       4  DataSaveAddr
       4  DataSentAddr
       2  DelFiles
       2  DeltaP1
       1  DetectFlag
       1  Disk_Full
      12  F_Name
       4  Flags
       4  Flags1
       4  Flash_Save_Buff
      12  Fota_FW_Ver
       4  GPSTime
       1  GPS_Speed_Val
       2  HPHCnt
       2  HPLCnt
       2  HTLvHCnt
       2  HTLvLCnt
       4  IP
       2  IdleP1Cnt
     376  Map_Buf
       1  Map_Cnt
       1  Map_Flag
       2  Map_Time
      16  Model_Name
       8  NoxData
       2  NoxErr
       2  NoxFail
       4  NoxO2
      12  PCB_HW_Ver
       2  PHCal
       2  PLCal
      24  P_BUF
       1  P_Cnt
      64  Par_Buf
       1  Par_Cnt
       1  Par_Flag
       2  Par_Time
       1  PreDay
       2  Pre_dP1
       2  QualityCnt
     128  RD_Sec_Data
       1  RSSI
       4  RTC_GPS_Val
       4  RTC_LVal
       8  RTC_Time
     128  ReadValue
   38400  ReadValue_Buff
      20  RxMessage
       1  SD_SaveCount
       1  SaveCnt
       1  SaveCount
       1  SaveTimeCheck
       2  SaveTimeCount
       2  Save_SecData_Cnt
       1  Save_SecData_Flag
     672  ScrMap
      36  ScrValue
       4  SendPacket
       1  ServerRW
     256  Setting
       1  Start_Flag
       4  Sts
       2  SumP1
      48  SysCtl
       2  TLv_Beep
       2  TOffset
       2  TSum
       1  TerrorFlag
       4  TotalPacket
     376  bMap_Buf
      64  bPar_Buf
       1  buzerflag
     548  fp
     548  fp1
      12  key
       8  keyflag
       1  nDlStatus
       4  xHandle_can

 
 41 895 bytes in section .bss
     28 bytes in section .rodata
 
     28 bytes of CONST memory
 41 895 bytes of DATA  memory

Errors: none
Warnings: none
