###############################################################################
#
# IAR ANSI C/C++ Compiler V7.60.1.11101/W32 for ARM       09/Jan/2023  17:31:20
# Copyright 1999-2016 IAR Systems AB.
#
#    Cpu mode     =  thumb
#    Endian       =  little
#    Source file  =  
#        E:\LOOP\SCRDPF\OBD\freeRTOS_STM32F2xx_Modem_CC_Large\Libraries\FAT_FS\option\unicode.c
#    Command line =  
#        E:\LOOP\SCRDPF\OBD\freeRTOS_STM32F2xx_Modem_CC_Large\Libraries\FAT_FS\option\unicode.c
#        -D USE_STDPERIPH_DRIVER -D STM32F2XX -D USE_USB_OTG_FS -lC
#        E:\LOOP\SCRDPF\OBD\freeRTOS_STM32F2xx_Modem_CC_Large\Project\Debug\List
#        --diag_suppress Pa050 -o
#        E:\LOOP\SCRDPF\OBD\freeRTOS_STM32F2xx_Modem_CC_Large\Project\Debug\Obj
#        --no_unroll --no_inline --no_tbaa --no_scheduling --debug
#        --endian=little --cpu=Cortex-M3 -e --fpu=None --dlib_config
#        "C:\Program Files (x86)\IAR Systems\Embedded Workbench
#        7.4\arm\INC\c\DLib_Config_Full.h" -I
#        E:\LOOP\SCRDPF\OBD\freeRTOS_STM32F2xx_Modem_CC_Large\Project\ -I
#        E:\LOOP\SCRDPF\OBD\freeRTOS_STM32F2xx_Modem_CC_Large\Project\..\cpu\
#        -I
#        E:\LOOP\SCRDPF\OBD\freeRTOS_STM32F2xx_Modem_CC_Large\Project\..\Drv\
#        -I
#        E:\LOOP\SCRDPF\OBD\freeRTOS_STM32F2xx_Modem_CC_Large\Project\..\App\
#        -I
#        E:\LOOP\SCRDPF\OBD\freeRTOS_STM32F2xx_Modem_CC_Large\Project\..\App\fat\
#        -I
#        E:\LOOP\SCRDPF\OBD\freeRTOS_STM32F2xx_Modem_CC_Large\Project\..\bsp\
#        -I
#        E:\LOOP\SCRDPF\OBD\freeRTOS_STM32F2xx_Modem_CC_Large\Project\..\Dev\
#        -I
#        E:\LOOP\SCRDPF\OBD\freeRTOS_STM32F2xx_Modem_CC_Large\Project\..\OsConfig\
#        -I
#        E:\LOOP\SCRDPF\OBD\freeRTOS_STM32F2xx_Modem_CC_Large\Project\..\Libraries\CMSIS\CM3\DeviceSupport\ST\STM32F2xx\
#        -I
#        E:\LOOP\SCRDPF\OBD\freeRTOS_STM32F2xx_Modem_CC_Large\Project\..\Libraries\FAT_FS\inc\
#        -I
#        E:\LOOP\SCRDPF\OBD\freeRTOS_STM32F2xx_Modem_CC_Large\Project\..\Libraries\STM32F2xx_StdPeriph_Driver\inc\
#        -I
#        E:\LOOP\SCRDPF\OBD\freeRTOS_STM32F2xx_Modem_CC_Large\Project\..\Libraries\USB\STM32_USB_HOST_Library\Class\MSC\inc\
#        -I
#        E:\LOOP\SCRDPF\OBD\freeRTOS_STM32F2xx_Modem_CC_Large\Project\..\Libraries\USB\STM32_USB_HOST_Library\Core\inc\
#        -I
#        E:\LOOP\SCRDPF\OBD\freeRTOS_STM32F2xx_Modem_CC_Large\Project\..\Libraries\USB\STM32_USB_OTG_Driver\inc\
#        -I
#        E:\LOOP\SCRDPF\OBD\freeRTOS_STM32F2xx_Modem_CC_Large\Project\..\Util\Third_Party\FreeRTOS_v7.6.0\portable\IAR\ARM_CM3\
#        -I
#        E:\LOOP\SCRDPF\OBD\freeRTOS_STM32F2xx_Modem_CC_Large\Project\..\Util\Third_Party\FreeRTOS_v7.6.0\include\
#        -I
#        E:\LOOP\SCRDPF\OBD\freeRTOS_STM32F2xx_Modem_CC_Large\Project\..\OsConfig\usbConf\
#        -I
#        E:\LOOP\SCRDPF\OBD\freeRTOS_STM32F2xx_Modem_CC_Large\Project\..\Libraries\FAT_FS\
#        -I
#        E:\LOOP\SCRDPF\OBD\freeRTOS_STM32F2xx_Modem_CC_Large\Project\..\Libraries\FAT_FS\drivers\
#        -Om --use_c++_inline -I "C:\Program Files (x86)\IAR Systems\Embedded
#        Workbench 7.4\arm\CMSIS\Include\"
#    Locale       =  C
#    List file    =  
#        E:\LOOP\SCRDPF\OBD\freeRTOS_STM32F2xx_Modem_CC_Large\Project\Debug\List\unicode.lst
#    Object file  =  
#        E:\LOOP\SCRDPF\OBD\freeRTOS_STM32F2xx_Modem_CC_Large\Project\Debug\Obj\unicode.o
#
###############################################################################

E:\LOOP\SCRDPF\OBD\freeRTOS_STM32F2xx_Modem_CC_Large\Libraries\FAT_FS\option\unicode.c
      1          #include "../ff.h"
      2          
      3          #if _USE_LFN != 0
      4          
      5          #if   _CODE_PAGE == 932	/* Japanese Shift_JIS */
      6          #include "cc932.c"
      7          #elif _CODE_PAGE == 936	/* Simplified Chinese GBK */
      8          #include "cc936.c"
      9          #elif _CODE_PAGE == 949	/* Korean */
     10          #include "cc949.c"
     11          #elif _CODE_PAGE == 950	/* Traditional Chinese Big5 */
     12          #include "cc950.c"
     13          #else					/* Single Byte Character-Set */
     14          #include "ccsbcs.c"
     15          #endif
     16          
     17          #endif


 

 


Errors: none
Warnings: none
